{"C:\\webapps\\HDip Project\\Client\\sum.js": {"data":{"path":"C:\\webapps\\HDip Project\\Client\\sum.js","statementMap":{"0":{"start":{"line":2,"column":4},"end":{"line":2,"column":16}},"1":{"start":{"line":4,"column":0},"end":{"line":4,"column":16}},"2":{"start":{"line":5,"column":0},"end":{"line":5,"column":20}}},"fnMap":{"0":{"name":"sum","decl":{"start":{"line":1,"column":9},"end":{"line":1,"column":12}},"loc":{"start":{"line":1,"column":17},"end":{"line":3,"column":1}},"line":1}},"branchMap":{},"s":{"0":1,"1":1,"2":1},"f":{"0":1},"b":{},"_coverageSchema":"1a1c01bbd47fc00a2c39e90264f33305004495a9","hash":"bc940826275240889175a2918c006091590a235b"}}
}
